<?xml version="1.0" encoding="UTF-8"?>
<!-- Generated by org.testng.reporters.JUnitReportReporter -->
<testsuite skipped="0" hostname="DESKTOP-O94L9J6" name="com.training.SimpleTestCases.tests.TC02RealEstate_LoginTest" tests="1" failures="0" timestamp="2019-11-28T17:39:18 IST" time="105.131" errors="0">
  <testcase name="validLoginTest" time="105.131" classname="com.training.SimpleTestCases.tests.TC02RealEstate_LoginTest"/>
</testsuite> <!-- com.training.SimpleTestCases.tests.TC02RealEstate_LoginTest -->
