<?xml version="1.0" encoding="UTF-8"?>
<!-- Generated by org.testng.reporters.JUnitReportReporter -->
<testsuite skipped="0" hostname="DESKTOP-O94L9J6" name="com.training.ComplexTestCases.tests.RETC064_UsersInquiry_NewLaunchTest" tests="3" failures="0" timestamp="2019-12-05T11:45:46 IST" time="39.597" errors="0">
  <testcase name="NewLaunchInquiry" time="7.705" classname="com.training.ComplexTestCases.tests.RETC064_UsersInquiry_NewLaunchTest"/>
  <testcase name="NewLaunchInquiry" time="22.309" classname="com.training.ComplexTestCases.tests.RETC064_UsersInquiry_NewLaunchTest"/>
  <testcase name="NewLaunchInquiry" time="9.583" classname="com.training.ComplexTestCases.tests.RETC064_UsersInquiry_NewLaunchTest"/>
</testsuite> <!-- com.training.ComplexTestCases.tests.RETC064_UsersInquiry_NewLaunchTest -->
