<?xml version="1.0" encoding="UTF-8"?>
<!-- Generated by org.testng.reporters.JUnitReportReporter -->
<testsuite skipped="0" hostname="DESKTOP-O94L9J6" name="com.training.SimpleTestCases.tests.TC01RetailTests" tests="1" failures="0" timestamp="2019-11-26T10:57:26 IST" time="65.175" errors="0">
  <testcase name="validLoginTest" time="65.175" classname="com.training.SimpleTestCases.tests.TC01RetailTests"/>
</testsuite> <!-- com.training.SimpleTestCases.tests.TC01RetailTests -->
