<?xml version="1.0" encoding="UTF-8"?>
<!-- Generated by org.testng.reporters.JUnitReportReporter -->
<testsuite skipped="0" hostname="DESKTOP-O94L9J6" name="com.training.MediumTestCases.tests.TC03RealEstate_ViewPropertyDetailsTest" tests="1" failures="0" timestamp="2019-12-03T13:29:41 IST" time="53.749" errors="0">
  <testcase name="ViewPropertyDetails" time="53.749" classname="com.training.MediumTestCases.tests.TC03RealEstate_ViewPropertyDetailsTest"/>
</testsuite> <!-- com.training.MediumTestCases.tests.TC03RealEstate_ViewPropertyDetailsTest -->
