<?xml version="1.0" encoding="UTF-8"?>
<!-- Generated by org.testng.reporters.JUnitReportReporter -->
<testsuite skipped="0" hostname="DESKTOP-O94L9J6" name="com.training.MediumTestCases.tests.TC01RealEstate_AddAllPropertiesTest" tests="1" failures="0" timestamp="2019-12-03T13:28:04 IST" time="52.049" errors="0">
  <testcase name="addAllProperties" time="52.049" classname="com.training.MediumTestCases.tests.TC01RealEstate_AddAllPropertiesTest"/>
</testsuite> <!-- com.training.MediumTestCases.tests.TC01RealEstate_AddAllPropertiesTest -->
