<?xml version="1.0" encoding="UTF-8"?>
<!-- Generated by org.testng.reporters.JUnitReportReporter -->
<testsuite skipped="0" hostname="DESKTOP-O94L9J6" name="com.training.ComplexTestCases.tests.RETC063_RegisterUserInvalidDetailsTest" tests="4" failures="0" timestamp="2019-12-04T18:27:35 IST" time="241.846" errors="0">
  <testcase name="checkUser" time="56.897" classname="com.training.ComplexTestCases.tests.RETC063_RegisterUserInvalidDetailsTest"/>
  <testcase name="checkUser" time="58.607" classname="com.training.ComplexTestCases.tests.RETC063_RegisterUserInvalidDetailsTest"/>
  <testcase name="checkUser" time="66.234" classname="com.training.ComplexTestCases.tests.RETC063_RegisterUserInvalidDetailsTest"/>
  <testcase name="checkUser" time="60.108" classname="com.training.ComplexTestCases.tests.RETC063_RegisterUserInvalidDetailsTest"/>
</testsuite> <!-- com.training.ComplexTestCases.tests.RETC063_RegisterUserInvalidDetailsTest -->
