<?xml version="1.0" encoding="UTF-8"?>
<!-- Generated by org.testng.reporters.JUnitReportReporter -->
<testsuite skipped="0" hostname="DESKTOP-O94L9J6" name="com.training.MediumTestCases.tests.TC04RealEstate_ViewUsersTest" tests="1" failures="0" timestamp="2019-12-03T13:47:20 IST" time="52.959" errors="0">
  <testcase name="addAndViewUsers" time="52.959" classname="com.training.MediumTestCases.tests.TC04RealEstate_ViewUsersTest"/>
</testsuite> <!-- com.training.MediumTestCases.tests.TC04RealEstate_ViewUsersTest -->
