<?xml version="1.0" encoding="UTF-8"?>
<!-- Generated by org.testng.reporters.JUnitReportReporter -->
<testsuite skipped="0" hostname="DESKTOP-O94L9J6" name="com.training.ComplexTestCases.tests.RETC064_UsersInquiry_NewLaunchTest" tests="3" failures="0" timestamp="2019-12-04T16:59:20 IST" time="156.966" errors="0">
  <testcase name="NewLaunchInquiry" time="52.368" classname="com.training.ComplexTestCases.tests.RETC064_UsersInquiry_NewLaunchTest"/>
  <testcase name="NewLaunchInquiry" time="47.693" classname="com.training.ComplexTestCases.tests.RETC064_UsersInquiry_NewLaunchTest"/>
  <testcase name="NewLaunchInquiry" time="56.905" classname="com.training.ComplexTestCases.tests.RETC064_UsersInquiry_NewLaunchTest"/>
</testsuite> <!-- com.training.ComplexTestCases.tests.RETC064_UsersInquiry_NewLaunchTest -->
