<?xml version="1.0" encoding="UTF-8"?>
<!-- Generated by org.testng.reporters.JUnitReportReporter -->
<testsuite skipped="0" hostname="DESKTOP-O94L9J6" name="com.training.ComplexTestCases.tests.RETC063_RegisterUserInvalidDetailsTest" tests="9" failures="0" timestamp="2019-12-05T11:42:46 IST" time="34.999" errors="0">
  <testcase name="registerMultipleInvalidUsers" time="2.508" classname="com.training.ComplexTestCases.tests.RETC063_RegisterUserInvalidDetailsTest"/>
  <testcase name="registerMultipleInvalidUsers" time="2.916" classname="com.training.ComplexTestCases.tests.RETC063_RegisterUserInvalidDetailsTest"/>
  <testcase name="registerMultipleInvalidUsers" time="2.653" classname="com.training.ComplexTestCases.tests.RETC063_RegisterUserInvalidDetailsTest"/>
  <testcase name="registerMultipleInvalidUsers" time="2.485" classname="com.training.ComplexTestCases.tests.RETC063_RegisterUserInvalidDetailsTest"/>
  <testcase name="AdminLogin" time="11.196" classname="com.training.ComplexTestCases.tests.RETC063_RegisterUserInvalidDetailsTest"/>
  <testcase name="checkUser" time="4.357" classname="com.training.ComplexTestCases.tests.RETC063_RegisterUserInvalidDetailsTest"/>
  <testcase name="checkUser" time="3.196" classname="com.training.ComplexTestCases.tests.RETC063_RegisterUserInvalidDetailsTest"/>
  <testcase name="checkUser" time="2.969" classname="com.training.ComplexTestCases.tests.RETC063_RegisterUserInvalidDetailsTest"/>
  <testcase name="checkUser" time="2.719" classname="com.training.ComplexTestCases.tests.RETC063_RegisterUserInvalidDetailsTest"/>
</testsuite> <!-- com.training.ComplexTestCases.tests.RETC063_RegisterUserInvalidDetailsTest -->
