<?xml version="1.0" encoding="UTF-8"?>
<!-- Generated by org.testng.reporters.JUnitReportReporter -->
<testsuite skipped="0" hostname="DESKTOP-O94L9J6" name="com.training.SimpleTestCases.tests.TC04RealEstate_ProfileUpdateTest" tests="1" failures="0" timestamp="2019-11-27T19:55:48 IST" time="116.411" errors="0">
  <testcase name="updateProfiledetails" time="116.411" classname="com.training.SimpleTestCases.tests.TC04RealEstate_ProfileUpdateTest"/>
</testsuite> <!-- com.training.SimpleTestCases.tests.TC04RealEstate_ProfileUpdateTest -->
