<?xml version="1.0" encoding="UTF-8"?>
<!-- Generated by org.testng.reporters.JUnitReportReporter -->
<testsuite skipped="0" hostname="DESKTOP-O94L9J6" name="com.training.ComplexTestCases.tests.RETC061andRETC062_RegisterViewMultipleUsersTest" tests="9" failures="0" timestamp="2019-12-06T15:26:28 IST" time="64.867" errors="0">
  <testcase name="registermultipleUsers" time="3.477" classname="com.training.ComplexTestCases.tests.RETC061andRETC062_RegisterViewMultipleUsersTest"/>
  <testcase name="registermultipleUsers" time="3.841" classname="com.training.ComplexTestCases.tests.RETC061andRETC062_RegisterViewMultipleUsersTest"/>
  <testcase name="registermultipleUsers" time="4.001" classname="com.training.ComplexTestCases.tests.RETC061andRETC062_RegisterViewMultipleUsersTest"/>
  <testcase name="registermultipleUsers" time="3.548" classname="com.training.ComplexTestCases.tests.RETC061andRETC062_RegisterViewMultipleUsersTest"/>
  <testcase name="AdminLogin" time="10.408" classname="com.training.ComplexTestCases.tests.RETC061andRETC062_RegisterViewMultipleUsersTest"/>
  <testcase name="viewUserDetails" time="8.442" classname="com.training.ComplexTestCases.tests.RETC061andRETC062_RegisterViewMultipleUsersTest"/>
  <testcase name="viewUserDetails" time="11.846" classname="com.training.ComplexTestCases.tests.RETC061andRETC062_RegisterViewMultipleUsersTest"/>
  <testcase name="viewUserDetails" time="10.167" classname="com.training.ComplexTestCases.tests.RETC061andRETC062_RegisterViewMultipleUsersTest"/>
  <testcase name="viewUserDetails" time="9.137" classname="com.training.ComplexTestCases.tests.RETC061andRETC062_RegisterViewMultipleUsersTest"/>
</testsuite> <!-- com.training.ComplexTestCases.tests.RETC061andRETC062_RegisterViewMultipleUsersTest -->
