<?xml version="1.0" encoding="UTF-8"?>
<!-- Generated by org.testng.reporters.JUnitReportReporter -->
<testsuite skipped="0" hostname="DESKTOP-O94L9J6" name="com.training.SimpleTestCases.tests.TC01RealEstate_RegisterUserTest" tests="1" failures="0" timestamp="2019-11-28T12:42:39 IST" time="75.451" errors="0">
  <testcase name="validLoginTest" time="75.451" classname="com.training.SimpleTestCases.tests.TC01RealEstate_RegisterUserTest"/>
</testsuite> <!-- com.training.SimpleTestCases.tests.TC01RealEstate_RegisterUserTest -->
