<?xml version="1.0" encoding="UTF-8"?>
<!-- Generated by org.testng.reporters.JUnitReportReporter -->
<testsuite skipped="0" hostname="DESKTOP-O94L9J6" name="com.training.SimpleTestCases.tests.TC03RealEstate_lostPasswordTest" tests="1" failures="0" timestamp="2019-11-27T15:29:07 IST" time="100.385" errors="0">
  <testcase name="resetPassword" time="100.385" classname="com.training.SimpleTestCases.tests.TC03RealEstate_lostPasswordTest"/>
</testsuite> <!-- com.training.SimpleTestCases.tests.TC03RealEstate_lostPasswordTest -->
