<?xml version="1.0" encoding="UTF-8"?>
<!-- Generated by org.testng.reporters.JUnitReportReporter -->
<testsuite skipped="0" hostname="DESKTOP-O94L9J6" name="com.training.SimpleTestCases.tests.TC04RealEstate_ProfileUpdateTest" tests="1" failures="0" timestamp="2019-11-28T12:49:17 IST" time="108.224" errors="0">
  <testcase name="updateProfiledetails" time="108.224" classname="com.training.SimpleTestCases.tests.TC04RealEstate_ProfileUpdateTest"/>
</testsuite> <!-- com.training.SimpleTestCases.tests.TC04RealEstate_ProfileUpdateTest -->
