<?xml version="1.0" encoding="UTF-8"?>
<!-- Generated by org.testng.reporters.JUnitReportReporter -->
<testsuite skipped="0" hostname="DESKTOP-O94L9J6" name="com.training.MediumTestCases.tests.TC02RealEstate_ViewEnquireNewLaunchTest" tests="1" failures="0" timestamp="2019-12-03T10:57:42 IST" time="54.242" errors="0">
  <testcase name="viewEnquireNewLaunch" time="54.242" classname="com.training.MediumTestCases.tests.TC02RealEstate_ViewEnquireNewLaunchTest"/>
</testsuite> <!-- com.training.MediumTestCases.tests.TC02RealEstate_ViewEnquireNewLaunchTest -->
