<?xml version="1.0" encoding="UTF-8"?>
<!-- Generated by org.testng.reporters.JUnitReportReporter -->
<testsuite skipped="0" hostname="DESKTOP-O94L9J6" name="com.training.SimpleTestCases.tests.TC02RetailTests" tests="1" failures="0" timestamp="2019-11-26T10:02:51 IST" time="61.175" errors="0">
  <testcase name="validLoginTest" time="61.175" classname="com.training.SimpleTestCases.tests.TC02RetailTests"/>
</testsuite> <!-- com.training.SimpleTestCases.tests.TC02RetailTests -->
