<?xml version="1.0" encoding="UTF-8"?>
<!-- Generated by org.testng.reporters.JUnitReportReporter -->
<testsuite skipped="0" hostname="DESKTOP-O94L9J6" name="com.training.SimpleTestCases.tests.TC01RealEstate_RegisterUserTest" tests="9" failures="0" timestamp="2019-12-06T15:23:54 IST" time="68.857" errors="0">
  <testcase name="validLoginTest" time="6.972" classname="com.training.SimpleTestCases.tests.TC01RealEstate_RegisterUserTest"/>
  <testcase name="validLoginTest" time="3.035" classname="com.training.SimpleTestCases.tests.TC01RealEstate_RegisterUserTest"/>
  <testcase name="validLoginTest" time="3.267" classname="com.training.SimpleTestCases.tests.TC01RealEstate_RegisterUserTest"/>
  <testcase name="validLoginTest" time="3.224" classname="com.training.SimpleTestCases.tests.TC01RealEstate_RegisterUserTest"/>
  <testcase name="adminLogin" time="13.133" classname="com.training.SimpleTestCases.tests.TC01RealEstate_RegisterUserTest"/>
  <testcase name="viewUserDetails" time="8.610" classname="com.training.SimpleTestCases.tests.TC01RealEstate_RegisterUserTest"/>
  <testcase name="viewUserDetails" time="10.339" classname="com.training.SimpleTestCases.tests.TC01RealEstate_RegisterUserTest"/>
  <testcase name="viewUserDetails" time="9.654" classname="com.training.SimpleTestCases.tests.TC01RealEstate_RegisterUserTest"/>
  <testcase name="viewUserDetails" time="10.623" classname="com.training.SimpleTestCases.tests.TC01RealEstate_RegisterUserTest"/>
</testsuite> <!-- com.training.SimpleTestCases.tests.TC01RealEstate_RegisterUserTest -->
