<?xml version="1.0" encoding="UTF-8"?>
<!-- Generated by org.testng.reporters.JUnitReportReporter -->
<testsuite skipped="0" hostname="DESKTOP-O94L9J6" name="com.training.ComplexTestCases.tests.RETC061andRETC062_RegisterViewMultipleUsersTest" tests="9" failures="0" timestamp="2019-12-05T10:53:13 IST" time="53.303" errors="0">
  <testcase name="registermultipleUsers" time="4.126" classname="com.training.ComplexTestCases.tests.RETC061andRETC062_RegisterViewMultipleUsersTest"/>
  <testcase name="registermultipleUsers" time="2.881" classname="com.training.ComplexTestCases.tests.RETC061andRETC062_RegisterViewMultipleUsersTest"/>
  <testcase name="registermultipleUsers" time="3.043" classname="com.training.ComplexTestCases.tests.RETC061andRETC062_RegisterViewMultipleUsersTest"/>
  <testcase name="registermultipleUsers" time="3.763" classname="com.training.ComplexTestCases.tests.RETC061andRETC062_RegisterViewMultipleUsersTest"/>
  <testcase name="AdminLogin" time="8.671" classname="com.training.ComplexTestCases.tests.RETC061andRETC062_RegisterViewMultipleUsersTest"/>
  <testcase name="viewUserDetails" time="6.809" classname="com.training.ComplexTestCases.tests.RETC061andRETC062_RegisterViewMultipleUsersTest"/>
  <testcase name="viewUserDetails" time="9.770" classname="com.training.ComplexTestCases.tests.RETC061andRETC062_RegisterViewMultipleUsersTest"/>
  <testcase name="viewUserDetails" time="7.254" classname="com.training.ComplexTestCases.tests.RETC061andRETC062_RegisterViewMultipleUsersTest"/>
  <testcase name="viewUserDetails" time="6.986" classname="com.training.ComplexTestCases.tests.RETC061andRETC062_RegisterViewMultipleUsersTest"/>
</testsuite> <!-- com.training.ComplexTestCases.tests.RETC061andRETC062_RegisterViewMultipleUsersTest -->
